Innsbruck; 2014-04-01T06:39:57
Innsbruck; 2014-04-01T08:27:48
Innsbruck; 2014-04-01T08:51:34
Hopfgarten im Brixental; 2014-04-01T09:08:03
Innsbruck; 2014-04-01T09:59:30
Kirchberg in Tirol; 2014-04-01T12:24:38
Innsbruck; 2014-04-01T13:17:33
Innsbruck; 2014-04-01T13:36:01
Breitenbach am Inn; 2014-04-01T14:24:01
Breitenbach am Inn; 2014-04-01T14:24:48
Innsbruck; 2014-04-01T14:28:03
Brixen im Thale; 2014-04-01T15:14:07
Breitenbach am Inn; 2014-04-01T15:15:21
Brixen im Thale; 2014-04-01T15:16:14
Angerberg; 2014-04-01T15:16:38
Brixen im Thale; 2014-04-01T15:19:53
Brixen im Thale; 2014-04-01T15:27:28
Innsbruck; 2014-04-01T15:30:30
Landeck; 2014-04-01T16:00:47
Kundl; 2014-04-01T16:41:05
Stanz bei Landeck; 2014-04-01T16:56:17
Schwendau; 2014-04-01T16:58:55
Innsbruck; 2014-04-01T17:43:20
Innsbruck; 2014-04-01T18:01:14
Innsbruck; 2014-04-01T18:56:24
Innsbruck; 2014-04-01T18:59:04
Innsbruck; 2014-04-01T19:37:59
Hopfgarten im Brixental; 2014-04-01T19:48:34
Innsbruck; 2014-04-01T20:01:20
Innsbruck; 2014-04-01T20:03:59
Innsbruck; 2014-04-01T20:04:21
Innsbruck; 2014-04-01T20:16:43
Innsbruck; 2014-04-01T22:10:29
Innsbruck; 2014-04-02T07:46:57
Innsbruck; 2014-04-02T07:50:39
St. Anton am Arlberg; 2014-04-02T10:35:03
Stanz bei Landeck; 2014-04-02T13:30:40
Innsbruck; 2014-04-02T13:54:56
Innsbruck; 2014-04-02T14:19:25
Innsbruck; 2014-04-02T14:20:48
Kitzbühel; 2014-04-02T14:53:27
Innsbruck; 2014-04-02T15:28:22
Innsbruck; 2014-04-02T16:13:31
Sölden; 2014-04-02T17:03:28
Finkenberg; 2014-04-02T17:45:49
Innsbruck; 2014-04-02T18:01:26
Innsbruck; 2014-04-02T18:49:06
Innsbruck; 2014-04-02T18:50:04
Innsbruck; 2014-04-02T19:14:12
Innsbruck; 2014-04-02T20:00:55
Innsbruck; 2014-04-02T21:08:45
Innsbruck; 2014-04-02T21:48:20
Innsbruck; 2014-04-02T22:02:37
Kundl; 2014-04-02T22:30:41
Kundl; 2014-04-02T22:32:14
Kundl; 2014-04-02T22:32:41
Kundl; 2014-04-02T22:33:18
Kundl; 2014-04-02T22:35:31
Kundl; 2014-04-02T22:36:41
Innsbruck; 2014-04-02T22:41:29
Innsbruck; 2014-04-02T23:48:04
Innsbruck; 2014-04-02T23:48:21
Innsbruck; 2014-04-03T03:11:42
Schmirn; 2014-04-25T08:42:04
Mils bei Imst; 2014-04-03T07:47:32
Innsbruck; 2014-04-03T11:25:18
Innsbruck; 2014-04-03T11:30:55
Innsbruck; 2014-04-03T12:54:46
Sölden; 2014-04-03T13:03:23
Innsbruck; 2014-04-03T14:04:23
Neustift im Stubaital; 2014-04-03T14:14:07
Stanz bei Landeck; 2014-04-03T14:46:53
Schwendau; 2014-04-03T14:43:30
Going am Wilden Kaiser; 2014-04-03T15:24:48
Going am Wilden Kaiser; 2014-04-03T15:39:39
Innsbruck; 2014-04-03T15:52:53
Tux; 2014-04-03T15:48:48
Langkampfen; 2014-04-03T16:49:01
Langkampfen; 2014-04-03T17:00:03
Innsbruck; 2014-04-03T19:16:31
Innsbruck; 2014-04-03T19:39:22
Innsbruck; 2014-04-03T19:41:26
Innsbruck; 2014-04-03T19:43:29
Innsbruck; 2014-04-03T21:24:23
St. Anton am Arlberg; 2014-04-03T21:12:20
St. Anton am Arlberg; 2014-04-03T21:11:14
Innsbruck; 2014-04-03T21:58:22
Grins; 2014-04-04T06:20:18
Landeck; 2014-04-04T09:21:06
Fügenberg; 2014-04-04T10:38:14
Innsbruck; 2014-04-04T11:21:22
Schmirn; 2014-04-04T11:24:22
Innsbruck; 2014-04-04T11:59:43
Innsbruck; 2014-04-04T13:44:20
Innsbruck; 2014-04-04T15:00:55
Innsbruck; 2014-04-04T15:08:45
Innsbruck; 2014-04-04T15:45:40
Lechaschau; 2014-04-04T16:29:39
Langkampfen; 2014-04-04T16:56:49
Langkampfen; 2014-04-04T17:16:19
Sölden; 2014-04-04T17:13:58
Lechaschau; 2014-04-04T18:28:52
Sölden; 2014-04-04T18:05:47
Stanz bei Landeck; 2014-04-04T19:51:14
Thaur; 2014-04-04T19:59:45
Stanz bei Landeck; 2014-04-04T20:01:02
Stanz bei Landeck; 2014-04-04T20:02:23
Stanz bei Landeck; 2014-04-04T20:08:47
Langkampfen; 2014-04-04T21:09:14
Fügenberg; 2014-04-04T22:19:20
Innsbruck; 2014-04-04T22:27:09
Kufstein; 2014-04-04T23:15:17
Kaunertal; 2014-04-05T05:42:40
Lechaschau; 2014-04-05T06:27:05
Hopfgarten im Brixental; 2014-04-05T08:21:39
Hopfgarten im Brixental; 2014-04-05T12:47:21
Hopfgarten im Brixental; 2014-04-05T12:48:57
Hopfgarten im Brixental; 2014-04-05T12:50:01
Hopfgarten im Brixental; 2014-04-05T12:54:54
Innsbruck; 2014-04-05T12:56:56
Hopfgarten im Brixental; 2014-04-05T13:02:40
Hopfgarten im Brixental; 2014-04-05T13:15:52
Innsbruck; 2014-04-05T13:32:25
Hopfgarten im Brixental; 2014-04-05T13:39:19
Hopfgarten im Brixental; 2014-04-05T13:44:00
Sölden; 2014-04-05T13:41:38
Hopfgarten im Brixental; 2014-04-05T14:05:25
Hopfgarten im Brixental; 2014-04-05T14:07:11
Hopfgarten im Brixental; 2014-04-05T14:10:30
Hopfgarten im Brixental; 2014-04-05T14:28:01
Hopfgarten im Brixental; 2014-04-05T14:29:26
Innsbruck; 2014-04-05T15:07:39
Lechaschau; 2014-04-05T18:52:22
Lechaschau; 2014-04-05T19:31:34
Pians; 2014-04-05T22:29:14
Innsbruck; 2014-04-06T04:19:20
Finkenberg; 2014-04-06T06:59:39
Lechaschau; 2014-04-06T09:11:07
St. Anton am Arlberg; 2014-04-06T13:21:27
Lechaschau; 2014-04-06T13:22:05
Reith bei Kitzbühel; 2014-04-06T13:23:10
Vomp; 2014-04-06T13:27:54
Vomp; 2014-04-06T13:32:32
St. Anton am Arlberg; 2014-04-06T13:33:56
Vomp; 2014-04-06T13:34:28
Vomp; 2014-04-06T13:35:55
Sölden; 2014-04-06T13:21:24
Finkenberg; 2014-04-06T13:39:54
St. Anton am Arlberg; 2014-04-06T14:29:02
St. Anton am Arlberg; 2014-04-06T14:57:00
Hippach; 2014-04-06T14:58:10
Sölden; 2014-04-06T15:01:34
Söll; 2014-04-06T15:21:42
Innsbruck; 2014-04-06T15:47:50
Landeck; 2014-04-06T15:49:31
St. Anton am Arlberg; 2014-04-06T16:03:36
Finkenberg; 2014-04-06T16:17:21
Angerberg; 2014-04-06T16:22:00
St. Sigmund im Sellrain; 2014-04-06T16:56:22
Reith bei Kitzbühel; 2014-04-06T17:07:41
Innsbruck; 2014-04-06T17:08:28
Finkenberg; 2014-04-06T17:12:25
Brixen im Thale; 2014-04-06T17:35:38
Schwendau; 2014-04-06T17:33:54
Hopfgarten im Brixental; 2014-04-06T18:03:47
Innsbruck; 2014-04-06T18:17:38
Finkenberg; 2014-04-06T18:14:15
Innsbruck; 2014-04-06T18:29:54
Innsbruck; 2014-04-06T18:42:25
Innsbruck; 2014-04-06T18:44:29
Innsbruck; 2014-04-06T19:02:06
Kitzbühel; 2014-04-06T20:03:56
Innsbruck; 2014-04-06T20:16:02
Reith bei Kitzbühel; 2014-04-06T20:32:08
Reith bei Kitzbühel; 2014-04-06T20:46:15
Innsbruck; 2014-04-06T20:58:54
Innsbruck; 2014-04-06T20:59:10
Kufstein; 2014-04-06T21:17:18
Innsbruck; 2014-04-06T21:24:01
Innsbruck; 2014-04-06T21:28:51
Innsbruck; 2014-04-07T08:19:02
Innsbruck; 2014-04-07T08:38:22
Innsbruck; 2014-04-07T08:39:39
Innsbruck; 2014-04-07T08:40:33
Innsbruck; 2014-04-07T08:41:16
Innsbruck; 2014-04-07T08:41:54
Innsbruck; 2014-04-07T08:42:41
Sölden; 2014-04-07T09:44:34
Sölden; 2014-04-07T09:42:13
Innsbruck; 2014-04-07T10:18:56
Innsbruck; 2014-04-07T11:12:04
Innsbruck; 2014-04-07T11:47:40
Innsbruck; 2014-04-07T12:56:22
Innsbruck; 2014-04-07T14:04:35
Sölden; 2014-04-07T14:04:27
Innsbruck; 2014-04-25T11:05:42
Innsbruck; 2014-04-25T12:03:11
Hopfgarten im Brixental; 2014-04-25T12:59:02
Innsbruck; 2014-04-07T17:53:50
Innsbruck; 2014-04-07T18:38:21
Finkenberg; 2014-04-07T19:11:49
Innsbruck; 2014-04-07T19:43:07
Innsbruck; 2014-04-07T20:26:35
Innsbruck; 2014-04-07T21:37:54
Innsbruck; 2014-04-07T22:36:16
Stanz bei Landeck; 2014-04-07T22:57:21
Grins; 2014-04-08T05:11:49
Innsbruck; 2014-04-08T06:00:34
Oberlienz; 2014-04-08T06:03:36
Innsbruck; 2014-04-08T06:41:49
Innsbruck; 2014-04-08T07:02:20
Innsbruck; 2014-04-08T07:04:28
Stanz bei Landeck; 2014-04-08T08:44:50
Innsbruck; 2014-04-08T08:51:03
Innsbruck; 2014-04-08T11:49:17
Mötz; 2014-04-08T13:17:08
Innsbruck; 2014-04-08T14:54:58
Sölden; 2014-04-08T15:10:34
Finkenberg; 2014-04-08T15:33:30
Innsbruck; 2014-04-08T16:22:38
Brixen im Thale; 2014-04-08T16:32:14
Innsbruck; 2014-04-08T17:40:42
Baumkirchen; 2014-04-08T17:45:11
Innsbruck; 2014-04-08T17:46:42
Innsbruck; 2014-04-08T17:51:45
Innsbruck; 2014-04-08T17:54:39
Innsbruck; 2014-04-08T17:57:31
Langkampfen; 2014-04-08T18:00:21
Innsbruck; 2014-04-08T18:20:59
Galtür; 2014-04-08T18:49:01
Innsbruck; 2014-04-08T19:52:54
Innsbruck; 2014-04-08T21:08:30
Tux; 2014-04-09T00:31:03
Innsbruck; 2014-04-09T06:35:14
Innsbruck; 2014-04-09T06:49:20
Sölden; 2014-04-09T08:10:17
Innsbruck; 2014-04-09T08:49:56
Sölden; 2014-04-09T08:47:17
Sölden; 2014-04-09T09:32:30
Innsbruck; 2014-04-09T09:41:32
Sölden; 2014-04-09T10:31:06
Sölden; 2014-04-09T10:56:30
Stanz bei Landeck; 2014-04-09T11:09:59
Innsbruck; 2014-04-09T11:14:52
Landeck; 2014-04-09T11:22:56
Sölden; 2014-04-09T11:19:20
Landeck; 2014-04-09T11:50:17
Innsbruck; 2014-04-09T12:04:12
Imst; 2014-04-09T12:05:51
Stanz bei Landeck; 2014-04-09T12:08:44
Sölden; 2014-04-09T12:44:23
Finkenberg; 2014-04-09T12:41:12
Ischgl; 2014-04-09T15:18:05
Innsbruck; 2014-04-09T16:19:19
Innsbruck; 2014-04-09T16:21:55
Zams; 2014-04-09T18:56:03
Innsbruck; 2014-04-09T19:00:07
Innsbruck; 2014-04-09T19:42:29
Innsbruck; 2014-04-09T19:44:45
Innsbruck; 2014-04-25T13:05:55
Innsbruck; 2014-04-25T14:08:11
Innsbruck; 2014-04-25T14:44:49
Innsbruck; 2014-04-09T22:14:48
Innsbruck; 2014-04-09T22:17:07
Innsbruck; 2014-04-10T06:12:19
Innsbruck; 2014-04-10T07:19:06
Sölden; 2014-04-10T08:30:55
Finkenberg; 2014-04-10T08:23:46
Längenfeld; 2014-04-10T09:25:05
Sölden; 2014-04-10T09:52:52
Innsbruck; 2014-04-10T10:09:22
Oberlienz; 2014-04-10T10:20:17
Schwendau; 2014-04-10T10:27:00
Finkenberg; 2014-04-10T10:13:03
Innsbruck; 2014-04-10T12:19:26
Innsbruck; 2014-04-10T12:21:03
Innsbruck; 2014-04-10T12:21:52
Innsbruck; 2014-04-10T12:23:41
Innsbruck; 2014-04-10T12:25:01
Innsbruck; 2014-04-10T12:25:22
Hippach; 2014-04-10T13:59:00
Kössen; 2014-04-10T14:49:48
Innsbruck; 2014-04-10T16:26:56
Innsbruck; 2014-04-10T16:28:14
Innsbruck; 2014-04-10T16:31:37
Innsbruck; 2014-04-10T16:39:38
Finkenberg; 2014-04-10T17:09:37
Wenns; 2014-04-10T17:08:01
Fügenberg; 2014-04-10T19:27:17
Fügenberg; 2014-04-10T19:30:05
Fügenberg; 2014-04-10T19:45:02
Fügenberg; 2014-04-10T21:55:49
Ischgl; 2014-04-10T23:06:51
Münster; 2014-04-11T05:59:22
Innsbruck; 2014-04-11T06:03:35
Ischgl; 2014-04-11T06:53:07
Innsbruck; 2014-04-11T08:52:58
Finkenberg; 2014-04-11T08:36:07
Kufstein; 2014-04-11T09:06:25
Kufstein; 2014-04-11T09:07:22
Landeck; 2014-04-11T09:49:53
Innsbruck; 2014-04-11T10:44:45
Innsbruck; 2014-04-11T11:15:46
Innsbruck; 2014-04-11T12:06:56
Finkenberg; 2014-04-11T13:53:45
Innsbruck; 2014-04-11T14:33:14
Schwendau; 2014-04-11T15:03:52
Fügenberg; 2014-04-11T17:05:32
Fügenberg; 2014-04-11T17:08:50
Sölden; 2014-04-11T17:32:04
Finkenberg; 2014-04-11T18:27:33
Innsbruck; 2014-04-11T19:10:30
Telfes im Stubai; 2014-04-11T19:27:57
Innsbruck; 2014-04-11T20:13:54
Hopfgarten im Brixental; 2014-04-11T20:50:16
Fügenberg; 2014-04-11T21:49:47
Finkenberg; 2014-04-11T22:06:46
Finkenberg; 2014-04-12T00:19:31
Innsbruck; 2014-04-25T14:45:18
Mutters; 2014-04-25T15:09:40
Innsbruck; 2014-04-25T15:23:43
Ischgl; 2014-04-25T15:08:59
Innsbruck; 2014-04-25T15:56:09
Kundl; 2014-04-25T16:23:55
Innsbruck; 2014-04-12T03:16:35
Innsbruck; 2014-04-12T03:20:13
Innsbruck; 2014-04-12T07:17:28
Kramsach; 2014-04-12T09:22:39
Stans; 2014-04-12T09:31:13
Längenfeld; 2014-04-12T09:00:02
Tristach; 2014-04-12T09:42:58
Innsbruck; 2014-04-12T09:53:54
Kufstein; 2014-04-12T10:52:53
Thiersee; 2014-04-12T10:52:59
Innsbruck; 2014-04-12T11:31:26
Kaltenbach; 2014-04-12T12:25:27
Innsbruck; 2014-04-12T12:43:14
Innsbruck; 2014-04-12T12:56:45
Innsbruck; 2014-04-12T13:17:05
Innsbruck; 2014-04-12T13:23:19
Innsbruck; 2014-04-12T13:24:19
Sölden; 2014-04-12T14:03:17
St. Anton am Arlberg; 2014-04-12T14:29:38
Innsbruck; 2014-04-12T15:03:21
Ischgl; 2014-04-12T15:04:44
Thiersee; 2014-04-12T15:29:30
Fügenberg; 2014-04-12T15:20:35
Innsbruck; 2014-04-12T15:31:21
Finkenberg; 2014-04-12T15:36:20
Innsbruck; 2014-04-12T17:45:27
Innsbruck; 2014-04-12T19:11:52
Innsbruck; 2014-04-12T20:15:22
Innsbruck; 2014-04-12T20:33:35
Innsbruck; 2014-04-12T20:54:27
Innsbruck; 2014-04-12T21:16:49
Ried im Zillertal; 2014-04-12T21:07:08
Innsbruck; 2014-04-12T21:45:00
Innsbruck; 2014-04-12T21:49:12
Kössen; 2014-04-13T03:27:20
Innsbruck; 2014-04-13T05:36:09
Innsbruck; 2014-04-13T06:15:50
Innsbruck; 2014-04-13T06:19:42
Innsbruck; 2014-04-13T06:22:22
Hopfgarten im Brixental; 2014-04-13T08:06:48
Innsbruck; 2014-04-13T08:09:51
Hopfgarten im Brixental; 2014-04-13T08:11:14
Hopfgarten im Brixental; 2014-04-13T08:11:59
Hopfgarten im Brixental; 2014-04-13T08:12:33
Fügenberg; 2014-04-13T08:39:29
Innsbruck; 2014-04-13T09:38:53
Innsbruck; 2014-04-13T09:39:26
Innsbruck; 2014-04-13T09:44:47
Fügenberg; 2014-04-13T12:48:00
Innsbruck; 2014-04-13T13:46:23
Westendorf; 2014-04-13T14:08:17
Innsbruck; 2014-04-13T14:08:28
Innsbruck; 2014-04-13T14:17:10
Westendorf; 2014-04-13T14:20:24
Reith bei Kitzbühel; 2014-04-13T14:20:15
Innsbruck; 2014-04-13T14:21:01
Innsbruck; 2014-04-13T14:42:53
Innsbruck; 2014-04-13T14:55:13
Innsbruck; 2014-04-13T15:22:16
Innsbruck; 2014-04-13T15:25:58
Innsbruck; 2014-04-13T15:26:27
Innsbruck; 2014-04-13T15:29:59
Innsbruck; 2014-04-13T15:36:02
Innsbruck; 2014-04-13T15:41:06
Völs; 2014-04-13T16:19:12
Sölden; 2014-04-13T16:21:55
Hippach; 2014-04-13T16:23:17
Finkenberg; 2014-04-13T16:00:43
Innsbruck; 2014-04-13T16:57:09
Innsbruck; 2014-04-13T16:59:54
Westendorf; 2014-04-13T17:26:51
Kufstein; 2014-04-13T17:34:07
Innsbruck; 2014-04-13T17:42:39
Innsbruck; 2014-04-13T17:46:33
Fügenberg; 2014-04-13T23:11:09
Innsbruck; 2014-04-14T05:11:03
Längenfeld; 2014-04-25T17:13:51
Innsbruck; 2014-04-25T17:23:14
Innsbruck; 2014-04-25T17:58:49
Hall in Tirol; 2014-04-25T18:34:33
Kaltenbach; 2014-04-14T08:26:39
Schwendau; 2014-04-14T08:12:56
Innsbruck; 2014-04-14T09:05:00
Kitzbühel; 2014-04-14T09:47:36
St. Anton am Arlberg; 2014-04-14T13:03:29
Kössen; 2014-04-14T13:29:41
Sölden; 2014-04-14T14:33:20
Sautens; 2014-04-14T15:41:07
Gerlos; 2014-04-14T16:11:41
Innsbruck; 2014-04-14T16:39:25
Innsbruck; 2014-04-14T16:40:33
Innsbruck; 2014-04-14T18:42:43
Innsbruck; 2014-04-14T19:47:31
Innsbruck; 2014-04-14T19:59:05
Innsbruck; 2014-04-14T20:26:08
Sölden; 2014-04-15T04:59:24
Brixen im Thale; 2014-04-15T05:50:12
Innsbruck; 2014-04-15T06:32:08
Innsbruck; 2014-04-15T06:33:31
Hopfgarten im Brixental; 2014-04-15T06:41:06
Hopfgarten im Brixental; 2014-04-15T08:42:42
Hopfgarten im Brixental; 2014-04-15T08:45:35
Hopfgarten im Brixental; 2014-04-15T08:46:34
Fügenberg; 2014-04-15T08:47:53
Hopfgarten im Brixental; 2014-04-15T09:02:34
Fügenberg; 2014-04-15T09:03:39
St. Anton am Arlberg; 2014-04-15T09:46:48
Fügenberg; 2014-04-15T09:48:52
Hopfgarten im Brixental; 2014-04-15T11:25:41
Hopfgarten im Brixental; 2014-04-15T11:26:42
Innsbruck; 2014-04-15T13:17:17
Kaltenbach; 2014-04-15T13:08:42
Langkampfen; 2014-04-15T14:20:08
Innsbruck; 2014-04-15T14:51:42
See; 2014-04-15T15:02:57
Sölden; 2014-04-15T15:33:55
Innsbruck; 2014-04-15T15:54:45
Langkampfen; 2014-04-15T16:32:47
Innsbruck; 2014-04-15T18:52:55
Innsbruck; 2014-04-15T19:28:37
Innsbruck; 2014-04-15T19:57:29
Hopfgarten im Brixental; 2014-04-16T06:01:06
Innsbruck; 2014-04-16T06:30:46
Innsbruck; 2014-04-25T19:11:23
Innsbruck; 2014-04-25T19:12:41
Innsbruck; 2014-04-25T19:57:58
Innsbruck; 2014-04-25T19:59:11
Innsbruck; 2014-04-16T13:12:47
Innsbruck; 2014-04-16T16:03:56
Ried im Zillertal; 2014-04-16T18:47:11
Innsbruck; 2014-04-16T19:26:41
Innsbruck; 2014-04-16T19:35:23
Innsbruck; 2014-04-16T20:09:53
Innsbruck; 2014-04-16T20:18:05
Innsbruck; 2014-04-16T20:40:02
Innsbruck; 2014-04-16T21:22:36
Innsbruck; 2014-04-17T06:27:26
Ischgl; 2014-04-17T07:22:15
Ischgl; 2014-04-17T07:17:38
Innsbruck; 2014-04-17T08:36:09
Innsbruck; 2014-04-17T09:03:01
Längenfeld; 2014-04-17T09:49:44
Hopfgarten im Brixental; 2014-04-17T10:09:19
St. Anton am Arlberg; 2014-04-17T10:44:29
Innsbruck; 2014-04-17T12:08:24
Ischgl; 2014-04-17T12:08:36
Innsbruck; 2014-04-17T18:09:59
Ried im Zillertal; 2014-04-17T18:00:06
Fügenberg; 2014-04-17T19:44:11
Fügenberg; 2014-04-17T19:47:48
Sölden; 2014-04-17T20:07:54
Natters; 2014-04-17T20:09:34
Sölden; 2014-04-17T20:17:15
Fügenberg; 2014-04-17T20:18:55
Fügenberg; 2014-04-17T20:20:40
Kössen; 2014-04-17T21:42:43
Kitzbühel; 2014-04-17T23:10:58
Vomp; 2014-04-18T06:09:19
St. Anton am Arlberg; 2014-04-18T08:07:48
Kitzbühel; 2014-04-18T07:55:49
Hopfgarten im Brixental; 2014-04-18T08:56:22
St. Anton am Arlberg; 2014-04-18T09:38:53
Innsbruck; 2014-04-18T09:54:32
Innsbruck; 2014-04-18T10:01:33
Innsbruck; 2014-04-18T10:02:52
Innsbruck; 2014-04-18T10:12:25
Innsbruck; 2014-04-18T10:14:42
Innsbruck; 2014-04-18T10:16:01
Innsbruck; 2014-04-18T10:17:27
Innsbruck; 2014-04-18T10:38:59
Kramsach; 2014-04-18T12:29:01
Innsbruck; 2014-04-18T12:31:35
Hopfgarten im Brixental; 2014-04-18T12:33:31
Ried im Zillertal; 2014-04-18T12:37:19
Natters; 2014-04-18T13:22:31
Ried im Zillertal; 2014-04-18T14:19:51
Innsbruck; 2014-04-18T14:51:12
Hopfgarten im Brixental; 2014-04-18T15:14:35
Hopfgarten im Brixental; 2014-04-18T15:16:19
Hopfgarten im Brixental; 2014-04-18T15:17:54
Innsbruck; 2014-04-18T15:38:11
Innsbruck; 2014-04-25T22:06:48
Fügenberg; 2014-04-18T18:42:19
Fügenberg; 2014-04-18T18:50:06
Innsbruck; 2014-04-18T19:24:37
Innsbruck; 2014-04-18T19:31:53
Innsbruck; 2014-04-18T19:34:07
Innsbruck; 2014-04-18T20:31:14
Fügenberg; 2014-04-18T21:37:14
Fügenberg; 2014-04-18T21:38:02
Fügenberg; 2014-04-18T21:41:02
Innsbruck; 2014-04-18T21:52:52
Innsbruck; 2014-04-18T21:55:58
Thiersee; 2014-04-18T22:23:23
Thiersee; 2014-04-18T22:33:12
Fügenberg; 2014-04-18T22:44:38
Thiersee; 2014-04-18T23:02:50
Innsbruck; 2014-04-19T05:10:41
Lechaschau; 2014-04-19T07:02:43
Lechaschau; 2014-04-19T07:18:23
Lechaschau; 2014-04-19T07:23:07
Hopfgarten im Brixental; 2014-04-19T07:29:49
Lechaschau; 2014-04-19T09:01:21
Hopfgarten im Brixental; 2014-04-19T09:16:17
Innsbruck; 2014-04-19T10:58:09
Innsbruck; 2014-04-19T10:58:49
Lechaschau; 2014-04-19T13:14:59
Lechaschau; 2014-04-19T13:19:20
Lechaschau; 2014-04-19T13:19:59
Innsbruck; 2014-04-19T13:26:02
Innsbruck; 2014-04-19T13:26:07
Sölden; 2014-04-19T13:17:26
Sölden; 2014-04-19T13:35:16
Innsbruck; 2014-04-19T14:43:29
Innsbruck; 2014-04-19T15:24:40
Innsbruck; 2014-04-19T15:51:15
Innsbruck; 2014-04-19T16:02:54
Hopfgarten im Brixental; 2014-04-19T16:41:01
Innsbruck; 2014-04-19T17:16:01
Längenfeld; 2014-04-19T17:31:14
Lechaschau; 2014-04-19T18:14:57
Lechaschau; 2014-04-19T18:16:15
Lechaschau; 2014-04-19T18:17:52
Lechaschau; 2014-04-19T18:23:35
Lechaschau; 2014-04-19T18:31:44
Innsbruck; 2014-04-19T20:03:11
Lechaschau; 2014-04-19T20:57:01
Lechaschau; 2014-04-19T21:02:37
Lechaschau; 2014-04-19T21:05:27
Innsbruck; 2014-04-19T21:32:09
Innsbruck; 2014-04-19T22:24:54
Innsbruck; 2014-04-19T22:25:14
Innsbruck; 2014-04-19T22:25:48
Innsbruck; 2014-04-19T22:26:04
St. Leonhard im Pitztal; 2014-04-20T02:38:24
Innsbruck; 2014-04-20T04:24:32
Lechaschau; 2014-04-20T07:28:28
Lechaschau; 2014-04-20T07:29:02
Lechaschau; 2014-04-20T07:29:11
Hopfgarten im Brixental; 2014-04-20T07:36:09
Hopfgarten im Brixental; 2014-04-20T07:37:16
Hopfgarten im Brixental; 2014-04-20T07:37:48
Lechaschau; 2014-04-20T07:38:39
Kitzbühel; 2014-04-20T08:04:23
Lechaschau; 2014-04-20T08:20:47
Lechaschau; 2014-04-20T08:36:47
Innsbruck; 2014-04-20T09:34:57
Tux; 2014-04-20T10:07:24
Eben am Achensee; 2014-04-20T11:48:07
Sölden; 2014-04-20T13:57:11
Längenfeld; 2014-04-20T14:45:46
Lechaschau; 2014-04-20T15:15:33
Innsbruck; 2014-04-20T15:26:14
Innsbruck; 2014-04-20T16:16:11
Innsbruck; 2014-04-20T16:28:26
Ischgl; 2014-04-20T16:40:53
Thiersee; 2014-04-20T16:49:57
Innsbruck; 2014-04-20T16:55:34
Innsbruck; 2014-04-20T17:55:04
Sölden; 2014-04-20T17:45:25
Lechaschau; 2014-04-20T23:21:48
Lechaschau; 2014-04-20T23:25:49
Innsbruck; 2014-04-20T23:28:30
Obertilliach; 2014-04-21T02:01:52
Lechaschau; 2014-04-21T03:10:32
Innsbruck; 2014-04-21T04:39:01
Kundl; 2014-04-21T06:57:15
Innsbruck; 2014-04-21T07:24:16
Innsbruck; 2014-04-21T07:24:46
Lechaschau; 2014-04-21T08:53:10
Innsbruck; 2014-04-21T09:10:40
Hopfgarten im Brixental; 2014-04-21T10:15:04
Lechaschau; 2014-04-21T10:22:30
Ehrwald; 2014-04-21T10:34:39
Lechaschau; 2014-04-21T11:33:32
Wängle; 2014-04-21T11:53:56
Lechaschau; 2014-04-21T11:58:06
Innsbruck; 2014-04-21T12:05:50
Innsbruck; 2014-04-21T13:08:43
Innsbruck; 2014-04-21T13:11:44
Innsbruck; 2014-04-21T13:21:21
Innsbruck; 2014-04-21T13:21:48
Innsbruck; 2014-04-21T13:24:17
Innsbruck; 2014-04-21T13:25:33
Innsbruck; 2014-04-21T13:27:55
Innsbruck; 2014-04-21T13:28:44
Innsbruck; 2014-04-21T13:29:48
Innsbruck; 2014-04-21T13:30:22
Innsbruck; 2014-04-21T13:31:37
Innsbruck; 2014-04-21T13:32:13
Innsbruck; 2014-04-21T13:33:08
Innsbruck; 2014-04-21T13:34:44
Innsbruck; 2014-04-21T14:31:42
Innsbruck; 2014-04-21T14:50:43
Innsbruck; 2014-04-21T15:34:02
Innsbruck; 2014-04-21T18:27:06
Lechaschau; 2014-04-21T18:32:16
Innsbruck; 2014-04-21T19:21:37
Innsbruck; 2014-04-21T19:40:53
Innsbruck; 2014-04-21T19:41:48
Innsbruck; 2014-04-21T21:04:11
Fügenberg; 2014-04-21T22:06:38
Langkampfen; 2014-04-21T22:43:35
Lechaschau; 2014-04-22T05:55:57
Innsbruck; 2014-04-22T06:37:14
Innsbruck; 2014-04-22T08:46:47
Innsbruck; 2014-04-22T08:50:54
Volders; 2014-04-22T08:51:45
Kitzbühel; 2014-04-22T09:47:45
Schmirn; 2014-04-22T10:37:36
Innsbruck; 2014-04-22T11:42:30
Innsbruck; 2014-04-22T11:49:18
Innsbruck; 2014-04-22T11:52:49
Innsbruck; 2014-04-22T12:17:38
Innsbruck; 2014-04-22T13:11:40
Innsbruck; 2014-04-22T13:17:08
Innsbruck; 2014-04-22T13:26:42
Innsbruck; 2014-04-22T14:27:36
Thiersee; 2014-04-22T15:34:11
Fügenberg; 2014-04-22T16:07:20
Lechaschau; 2014-04-22T16:24:14
Lechaschau; 2014-04-22T16:49:38
Lechaschau; 2014-04-22T16:50:57
Lechaschau; 2014-04-22T16:54:50
Ellmau; 2014-04-22T18:08:04
Lechaschau; 2014-04-22T18:20:13
Lechaschau; 2014-04-22T18:44:49
Innsbruck; 2014-04-22T19:25:19
Innsbruck; 2014-04-22T19:44:04
Innsbruck; 2014-04-22T20:28:45
Sölden; 2014-04-23T08:11:43
Hopfgarten im Brixental; 2014-04-23T08:55:52
Hopfgarten im Brixental; 2014-04-23T08:59:22
Hopfgarten im Brixental; 2014-04-23T08:59:30
Hopfgarten im Brixental; 2014-04-23T09:06:06
Hopfgarten im Brixental; 2014-04-23T09:06:36
Hopfgarten im Brixental; 2014-04-23T09:07:35
Hopfgarten im Brixental; 2014-04-23T09:07:59
Hopfgarten im Brixental; 2014-04-23T09:08:18
Hopfgarten im Brixental; 2014-04-23T09:09:41
Hopfgarten im Brixental; 2014-04-23T09:10:29
Hopfgarten im Brixental; 2014-04-23T09:10:44
Hopfgarten im Brixental; 2014-04-23T09:11:05
Innsbruck; 2014-04-23T11:10:26
Innsbruck; 2014-04-23T11:30:10
Innsbruck; 2014-04-23T11:54:09
Fügenberg; 2014-04-23T14:10:19
Tux; 2014-04-23T16:55:32
Innsbruck; 2014-04-23T17:53:04
Langkampfen; 2014-04-23T18:06:33
Innsbruck; 2014-04-23T18:21:16
Langkampfen; 2014-04-23T18:52:54
Langkampfen; 2014-04-23T18:58:13
Innsbruck; 2014-04-23T19:05:29
Langkampfen; 2014-04-23T19:08:57
Innsbruck; 2014-04-23T19:26:18
Innsbruck; 2014-04-23T19:30:16
Kössen; 2014-04-23T19:38:31
St. Johann in Tirol; 2014-04-23T20:32:32
Innsbruck; 2014-04-23T21:05:33
Innsbruck; 2014-04-23T21:07:04
Innsbruck; 2014-04-23T21:12:43
Innsbruck; 2014-04-23T22:02:32
Innsbruck; 2014-04-23T23:30:01
Vomp; 2014-04-24T04:55:23
Hopfgarten im Brixental; 2014-04-24T06:37:26
Hopfgarten im Brixental; 2014-04-24T06:40:05
Innsbruck; 2014-04-24T08:39:08
Oberlienz; 2014-04-24T08:44:56
Innsbruck; 2014-04-24T11:41:01
Lienz; 2014-04-24T11:55:36
Innsbruck; 2014-04-24T11:58:12
Innsbruck; 2014-04-24T11:58:28
Innsbruck; 2014-04-24T13:34:39
Innsbruck; 2014-04-24T13:36:27
Innsbruck; 2014-04-24T13:39:32
Innsbruck; 2014-04-24T14:12:30
Innsbruck; 2014-04-24T14:17:03
Innsbruck; 2014-04-24T14:18:07
Innsbruck; 2014-04-24T14:26:02
Innsbruck; 2014-04-24T14:29:39
Innsbruck; 2014-04-24T14:31:08
Innsbruck; 2014-04-24T16:17:31
Innsbruck; 2014-04-24T16:18:00
St. Johann in Tirol; 2014-04-24T16:38:06
St. Johann in Tirol; 2014-04-24T16:40:37
St. Johann in Tirol; 2014-04-24T16:43:16
St. Johann in Tirol; 2014-04-24T16:44:20
St. Johann in Tirol; 2014-04-24T16:44:47
St. Johann in Tirol; 2014-04-24T16:45:48
St. Johann in Tirol; 2014-04-24T16:47:33
St. Johann in Tirol; 2014-04-24T16:48:52
St. Johann in Tirol; 2014-04-24T16:52:05
St. Johann in Tirol; 2014-04-24T16:57:19
St. Johann in Tirol; 2014-04-24T17:01:45
St. Johann in Tirol; 2014-04-24T17:07:02
St. Johann in Tirol; 2014-04-24T17:10:46
Innsbruck; 2014-04-24T17:34:31
Innsbruck; 2014-04-24T17:43:40
Innsbruck; 2014-04-24T18:14:39
Innsbruck; 2014-04-24T18:44:50
Innsbruck; 2014-04-24T18:51:36
Innsbruck; 2014-04-24T19:23:37
Sölden; 2014-04-24T19:19:19
Innsbruck; 2014-04-25T06:12:00
Innsbruck; 2014-04-25T06:12:06
Innsbruck; 2014-04-25T06:16:08
Innsbruck; 2014-04-26T04:46:41
Innsbruck; 2014-04-26T07:03:44
Oberlienz; 2014-04-26T08:09:45
Innsbruck; 2014-04-26T08:54:17
Hopfgarten im Brixental; 2014-04-26T10:04:09
Hopfgarten im Brixental; 2014-04-26T10:05:39
Hopfgarten im Brixental; 2014-04-26T10:10:06
Hopfgarten im Brixental; 2014-04-26T10:15:42
Hopfgarten im Brixental; 2014-04-26T10:18:47
Innsbruck; 2014-04-26T12:05:04
Innsbruck; 2014-04-26T12:05:13
Wildermieming; 2014-04-26T12:30:42
Innsbruck; 2014-04-26T13:25:44
Hopfgarten im Brixental; 2014-04-26T13:56:42
Hopfgarten im Brixental; 2014-04-26T13:57:21
Hopfgarten im Brixental; 2014-04-26T13:58:38
Hopfgarten im Brixental; 2014-04-26T13:59:56
Hopfgarten im Brixental; 2014-04-26T14:00:56
Hopfgarten im Brixental; 2014-04-26T14:02:00
Hopfgarten im Brixental; 2014-04-26T14:07:23
Hopfgarten im Brixental; 2014-04-26T14:08:55
Hopfgarten im Brixental; 2014-04-26T14:09:35
Hopfgarten im Brixental; 2014-04-26T14:09:49
Hopfgarten im Brixental; 2014-04-26T14:10:46
Hopfgarten im Brixental; 2014-04-26T14:11:39
Hopfgarten im Brixental; 2014-04-26T14:12:10
Hopfgarten im Brixental; 2014-04-26T14:13:49
Hopfgarten im Brixental; 2014-04-26T14:14:37
Hopfgarten im Brixental; 2014-04-26T14:15:43
Hopfgarten im Brixental; 2014-04-26T14:16:13
Hopfgarten im Brixental; 2014-04-26T14:17:03
Hopfgarten im Brixental; 2014-04-26T14:20:43
Hopfgarten im Brixental; 2014-04-26T14:21:58
Hopfgarten im Brixental; 2014-04-26T14:22:54
Hopfgarten im Brixental; 2014-04-26T14:23:18
Hopfgarten im Brixental; 2014-04-26T14:30:31
Hopfgarten im Brixental; 2014-04-26T14:32:09
Hopfgarten im Brixental; 2014-04-26T14:33:11
Hopfgarten im Brixental; 2014-04-26T14:35:28
Hopfgarten im Brixental; 2014-04-26T14:37:58
Hopfgarten im Brixental; 2014-04-26T14:39:33
Hopfgarten im Brixental; 2014-04-26T14:42:43
Hopfgarten im Brixental; 2014-04-26T14:46:04
Hopfgarten im Brixental; 2014-04-26T14:52:15
Kirchberg in Tirol; 2014-04-26T15:27:37
Hopfgarten im Brixental; 2014-04-26T15:56:56
Hopfgarten im Brixental; 2014-04-26T16:08:01
Innsbruck; 2014-04-26T16:32:42
Innsbruck; 2014-04-26T16:59:11
Innsbruck; 2014-04-26T17:09:54
Innsbruck; 2014-04-26T17:24:07
Hopfgarten im Brixental; 2014-04-26T17:26:59
Hopfgarten im Brixental; 2014-04-26T18:46:04
Hopfgarten im Brixental; 2014-04-26T18:49:41
Innsbruck; 2014-04-26T19:04:58
Innsbruck; 2014-04-26T19:06:25
Hopfgarten im Brixental; 2014-04-26T19:11:18
Innsbruck; 2014-04-26T19:24:01
Innsbruck; 2014-04-26T19:25:56
Innsbruck; 2014-04-26T19:30:19
Innsbruck; 2014-04-26T19:34:47
Innsbruck; 2014-04-26T19:36:32
Innsbruck; 2014-04-26T19:45:45
Innsbruck; 2014-04-26T19:46:43
Innsbruck; 2014-04-26T20:02:17
Innsbruck; 2014-04-26T20:31:50
Reith bei Kitzbühel; 2014-04-26T20:41:56
Innsbruck; 2014-04-26T22:15:29
Innsbruck; 2014-04-26T23:51:15
Innsbruck; 2014-04-27T00:57:58
Völs; 2014-04-27T05:42:39
Innsbruck; 2014-04-27T06:09:27
Hopfgarten im Brixental; 2014-04-27T08:42:32
Hopfgarten im Brixental; 2014-04-27T09:42:26
Hopfgarten im Brixental; 2014-04-27T09:48:35
Hopfgarten im Brixental; 2014-04-27T09:51:02
Hopfgarten im Brixental; 2014-04-27T09:51:24
Hopfgarten im Brixental; 2014-04-27T10:00:20
Hopfgarten im Brixental; 2014-04-27T10:02:20
Hopfgarten im Brixental; 2014-04-27T10:03:08
Hopfgarten im Brixental; 2014-04-27T10:03:30
Hopfgarten im Brixental; 2014-04-27T10:04:29
Hopfgarten im Brixental; 2014-04-27T10:06:26
Hopfgarten im Brixental; 2014-04-27T10:06:57
Hopfgarten im Brixental; 2014-04-27T10:09:41
Hopfgarten im Brixental; 2014-04-27T10:10:32
Hopfgarten im Brixental; 2014-04-27T10:12:55
Hopfgarten im Brixental; 2014-04-27T10:14:04
Hopfgarten im Brixental; 2014-04-27T10:28:58
Hopfgarten im Brixental; 2014-04-27T11:28:03
Hopfgarten im Brixental; 2014-04-27T11:29:17
Hopfgarten im Brixental; 2014-04-27T11:41:50
Hopfgarten im Brixental; 2014-04-27T11:46:19
Hopfgarten im Brixental; 2014-04-27T11:52:01
Hopfgarten im Brixental; 2014-04-27T11:58:46
Hopfgarten im Brixental; 2014-04-27T12:44:41
Hopfgarten im Brixental; 2014-04-27T12:46:44
Hopfgarten im Brixental; 2014-04-27T12:47:34
Fügenberg; 2014-04-27T13:52:28
Fügenberg; 2014-04-27T14:19:30
Innsbruck; 2014-04-27T14:20:30
Telfs; 2014-04-27T15:00:22
